2023-11-10T12:03:45.221+05:30  INFO 97961 --- [main] c.e.d.DevOpsProjApplicationTests         : Starting DevOpsProjApplicationTests using Java 17.0.8.1 with PID 97961 (started by nineleaps in /home/nineleaps/Desktop/sonar/DevOpsProj)
2023-11-10T12:03:45.224+05:30  INFO 97961 --- [main] c.e.d.DevOpsProjApplicationTests         : No active profile set, falling back to 1 default profile: "default"
2023-11-10T12:03:46.315+05:30  INFO 97961 --- [main] .s.d.r.c.RepositoryConfigurationDelegate : Bootstrapping Spring Data JPA repositories in DEFAULT mode.
2023-11-10T12:03:46.431+05:30  INFO 97961 --- [main] .s.d.r.c.RepositoryConfigurationDelegate : Finished Spring Data repository scanning in 103 ms. Found 10 JPA repository interfaces.
2023-11-10T12:03:46.870+05:30  INFO 97961 --- [main] trationDelegate$BeanPostProcessorChecker : Bean 'org.springframework.ws.config.annotation.DelegatingWsConfiguration' of type [org.springframework.ws.config.annotation.DelegatingWsConfiguration$$SpringCGLIB$$0] is not eligible for getting processed by all BeanPostProcessors (for example: not eligible for auto-proxying)
2023-11-10T12:03:46.914+05:30  INFO 97961 --- [main] .w.s.a.s.AnnotationActionEndpointMapping : Supporting [WS-Addressing August 2004, WS-Addressing 1.0]
2023-11-10T12:03:47.159+05:30  INFO 97961 --- [main] o.f.c.internal.license.VersionPrinter    : Flyway Community Edition 9.5.1 by Redgate
2023-11-10T12:03:47.159+05:30  INFO 97961 --- [main] o.f.c.internal.license.VersionPrinter    : See what's new here: https://flywaydb.org/documentation/learnmore/releaseNotes#9.5.1
2023-11-10T12:03:47.160+05:30  INFO 97961 --- [main] o.f.c.internal.license.VersionPrinter    : 
2023-11-10T12:03:47.174+05:30  INFO 97961 --- [main] com.zaxxer.hikari.HikariDataSource       : HikariPool-1 - Starting...
2023-11-10T12:03:47.414+05:30  INFO 97961 --- [main] com.zaxxer.hikari.pool.HikariPool        : HikariPool-1 - Added connection com.mysql.cj.jdbc.ConnectionImpl@22fd8e1e
2023-11-10T12:03:47.416+05:30  INFO 97961 --- [main] com.zaxxer.hikari.HikariDataSource       : HikariPool-1 - Start completed.
2023-11-10T12:03:47.477+05:30  INFO 97961 --- [main] o.f.c.i.database.base.BaseDatabaseType   : Database: jdbc:mysql://localhost:3306/pam3 (MySQL 8.0)
2023-11-10T12:03:47.539+05:30  INFO 97961 --- [main] o.f.core.internal.command.DbValidate     : Successfully validated 2 migrations (execution time 00:00.031s)
2023-11-10T12:03:47.563+05:30  INFO 97961 --- [main] o.f.core.internal.command.DbMigrate      : Current version of schema `pam3`: 1
2023-11-10T12:03:47.564+05:30  INFO 97961 --- [main] o.f.core.internal.command.DbMigrate      : Schema `pam3` is up to date. No migration necessary.
2023-11-10T12:03:47.695+05:30  INFO 97961 --- [main] o.hibernate.jpa.internal.util.LogHelper  : HHH000204: Processing PersistenceUnitInfo [name: default]
2023-11-10T12:03:47.785+05:30  INFO 97961 --- [main] org.hibernate.Version                    : HHH000412: Hibernate ORM core version 6.1.7.Final
2023-11-10T12:03:48.054+05:30  INFO 97961 --- [main] SQL dialect                              : HHH000400: Using dialect: org.hibernate.dialect.MySQLDialect
2023-11-10T12:03:49.224+05:30  INFO 97961 --- [main] o.h.e.t.j.p.i.JtaPlatformInitiator       : HHH000490: Using JtaPlatform implementation: [org.hibernate.engine.transaction.jta.platform.internal.NoJtaPlatform]
2023-11-10T12:03:49.234+05:30  INFO 97961 --- [main] j.LocalContainerEntityManagerFactoryBean : Initialized JPA EntityManagerFactory for persistence unit 'default'
2023-11-10T12:03:50.670+05:30  WARN 97961 --- [main] JpaBaseConfiguration$JpaWebConfiguration : spring.jpa.open-in-view is enabled by default. Therefore, database queries may be performed during view rendering. Explicitly configure spring.jpa.open-in-view to disable this warning
2023-11-10T12:03:51.036+05:30  INFO 97961 --- [main] o.s.s.web.DefaultSecurityFilterChain     : Will secure any request with [org.springframework.security.web.session.DisableEncodeUrlFilter@345db32b, org.springframework.security.web.context.request.async.WebAsyncManagerIntegrationFilter@44c5d326, org.springframework.security.web.context.SecurityContextHolderFilter@33f6e026, org.springframework.security.web.header.HeaderWriterFilter@12e2b557, org.springframework.security.web.authentication.logout.LogoutFilter@39f0077f, com.example.devopsproj.config.JwtAuthenticationFilter@22731342, org.springframework.security.web.savedrequest.RequestCacheAwareFilter@16b02372, org.springframework.security.web.servletapi.SecurityContextHolderAwareRequestFilter@628cd5ba, org.springframework.security.web.authentication.AnonymousAuthenticationFilter@59ae22bd, org.springframework.security.web.session.SessionManagementFilter@44a2b9db, org.springframework.security.web.access.ExceptionTranslationFilter@37a534e6, org.springframework.security.web.access.intercept.AuthorizationFilter@6a0eff1c]
2023-11-10T12:03:51.501+05:30  INFO 97961 --- [main] c.e.d.DevOpsProjApplicationTests         : Started DevOpsProjApplicationTests in 6.668 seconds (process running for 23.858)
2023-11-10T12:03:51.546+05:30  INFO 97961 --- [main] c.e.devopsproj.DevOpsProjApplication     : Starting DevOpsProjApplication using Java 17.0.8.1 with PID 97961 (started by nineleaps in /home/nineleaps/Desktop/sonar/DevOpsProj)
2023-11-10T12:03:51.546+05:30  INFO 97961 --- [main] c.e.devopsproj.DevOpsProjApplication     : No active profile set, falling back to 1 default profile: "default"
2023-11-10T12:03:51.751+05:30  INFO 97961 --- [main] .s.d.r.c.RepositoryConfigurationDelegate : Bootstrapping Spring Data JPA repositories in DEFAULT mode.
2023-11-10T12:03:51.780+05:30  INFO 97961 --- [main] .s.d.r.c.RepositoryConfigurationDelegate : Finished Spring Data repository scanning in 28 ms. Found 10 JPA repository interfaces.
2023-11-10T12:03:51.841+05:30  INFO 97961 --- [main] trationDelegate$BeanPostProcessorChecker : Bean 'org.springframework.ws.config.annotation.DelegatingWsConfiguration' of type [org.springframework.ws.config.annotation.DelegatingWsConfiguration$$SpringCGLIB$$0] is not eligible for getting processed by all BeanPostProcessors (for example: not eligible for auto-proxying)
2023-11-10T12:03:51.843+05:30  INFO 97961 --- [main] .w.s.a.s.AnnotationActionEndpointMapping : Supporting [WS-Addressing August 2004, WS-Addressing 1.0]
2023-11-10T12:03:52.017+05:30  INFO 97961 --- [main] o.s.b.w.embedded.tomcat.TomcatWebServer  : Tomcat initialized with port(s): 8080 (http)
2023-11-10T12:03:52.033+05:30  INFO 97961 --- [main] o.apache.catalina.core.StandardService   : Starting service [Tomcat]
2023-11-10T12:03:52.034+05:30  INFO 97961 --- [main] o.apache.catalina.core.StandardEngine    : Starting Servlet engine: [Apache Tomcat/10.1.7]
2023-11-10T12:03:52.140+05:30  INFO 97961 --- [main] o.a.c.c.C.[Tomcat].[localhost].[/]       : Initializing Spring embedded WebApplicationContext
2023-11-10T12:03:52.140+05:30  INFO 97961 --- [main] w.s.c.ServletWebServerApplicationContext : Root WebApplicationContext: initialization completed in 592 ms
2023-11-10T12:03:52.188+05:30  INFO 97961 --- [main] com.zaxxer.hikari.HikariDataSource       : HikariPool-2 - Starting...
2023-11-10T12:03:52.202+05:30  INFO 97961 --- [main] com.zaxxer.hikari.pool.HikariPool        : HikariPool-2 - Added connection com.mysql.cj.jdbc.ConnectionImpl@248bd488
2023-11-10T12:03:52.203+05:30  INFO 97961 --- [main] com.zaxxer.hikari.HikariDataSource       : HikariPool-2 - Start completed.
2023-11-10T12:03:52.204+05:30  INFO 97961 --- [main] o.f.c.i.database.base.BaseDatabaseType   : Database: jdbc:mysql://localhost:3306/pam3 (MySQL 8.0)
2023-11-10T12:03:52.221+05:30  INFO 97961 --- [main] o.f.core.internal.command.DbValidate     : Successfully validated 2 migrations (execution time 00:00.007s)
2023-11-10T12:03:52.233+05:30  INFO 97961 --- [main] o.f.core.internal.command.DbMigrate      : Current version of schema `pam3`: 1
2023-11-10T12:03:52.234+05:30  INFO 97961 --- [main] o.f.core.internal.command.DbMigrate      : Schema `pam3` is up to date. No migration necessary.
2023-11-10T12:03:52.264+05:30  INFO 97961 --- [main] o.hibernate.jpa.internal.util.LogHelper  : HHH000204: Processing PersistenceUnitInfo [name: default]
2023-11-10T12:03:52.274+05:30  INFO 97961 --- [main] SQL dialect                              : HHH000400: Using dialect: org.hibernate.dialect.MySQLDialect
2023-11-10T12:03:52.583+05:30  INFO 97961 --- [main] o.h.e.t.j.p.i.JtaPlatformInitiator       : HHH000490: Using JtaPlatform implementation: [org.hibernate.engine.transaction.jta.platform.internal.NoJtaPlatform]
2023-11-10T12:03:52.583+05:30  INFO 97961 --- [main] j.LocalContainerEntityManagerFactoryBean : Initialized JPA EntityManagerFactory for persistence unit 'default'
2023-11-10T12:03:52.911+05:30  WARN 97961 --- [main] JpaBaseConfiguration$JpaWebConfiguration : spring.jpa.open-in-view is enabled by default. Therefore, database queries may be performed during view rendering. Explicitly configure spring.jpa.open-in-view to disable this warning
2023-11-10T12:03:53.000+05:30  INFO 97961 --- [main] o.s.s.web.DefaultSecurityFilterChain     : Will secure any request with [org.springframework.security.web.session.DisableEncodeUrlFilter@54e45e0, org.springframework.security.web.context.request.async.WebAsyncManagerIntegrationFilter@429850f8, org.springframework.security.web.context.SecurityContextHolderFilter@69f64b01, org.springframework.security.web.header.HeaderWriterFilter@3f546a3c, org.springframework.security.web.authentication.logout.LogoutFilter@66f43ca5, com.example.devopsproj.config.JwtAuthenticationFilter@a7ea71d, org.springframework.security.web.savedrequest.RequestCacheAwareFilter@e774b24, org.springframework.security.web.servletapi.SecurityContextHolderAwareRequestFilter@12eec55c, org.springframework.security.web.authentication.AnonymousAuthenticationFilter@63fe4a4a, org.springframework.security.web.session.SessionManagementFilter@6c086907, org.springframework.security.web.access.ExceptionTranslationFilter@2cb96bf0, org.springframework.security.web.access.intercept.AuthorizationFilter@364e8e00]
2023-11-10T12:03:53.121+05:30  INFO 97961 --- [main] o.s.b.w.embedded.tomcat.TomcatWebServer  : Tomcat started on port(s): 8080 (http) with context path ''
2023-11-10T12:03:53.127+05:30  INFO 97961 --- [main] c.e.devopsproj.DevOpsProjApplication     : Started DevOpsProjApplication in 1.6 seconds (process running for 25.484)
2023-11-10T12:03:56.151+05:30 ERROR 97961 --- [main] c.e.d.utils.GitHubUserValidation         : An error occurred: 

java.lang.InterruptedException: null
	at java.net.http/jdk.internal.net.http.HttpClientImpl.send(HttpClientImpl.java:550) ~[java.net.http:na]
	at java.net.http/jdk.internal.net.http.HttpClientFacade.send(HttpClientFacade.java:123) ~[java.net.http:na]
	at com.example.devopsproj.utils.GitHubUserValidation.isGitHubUserValid(GitHubUserValidation.java:28) ~[classes/:na]
	at com.example.devopsproj.utils.GitHubUserValidationTest.testInterruptedExceptionHandling(GitHubUserValidationTest.java:114) ~[test-classes/:na]
	at java.base/jdk.internal.reflect.NativeMethodAccessorImpl.invoke0(Native Method) ~[na:na]
	at java.base/jdk.internal.reflect.NativeMethodAccessorImpl.invoke(NativeMethodAccessorImpl.java:77) ~[na:na]
	at java.base/jdk.internal.reflect.DelegatingMethodAccessorImpl.invoke(DelegatingMethodAccessorImpl.java:43) ~[na:na]
	at java.base/java.lang.reflect.Method.invoke(Method.java:568) ~[na:na]
	at org.junit.platform.commons.util.ReflectionUtils.invokeMethod(ReflectionUtils.java:727) ~[junit-platform-commons-1.9.2.jar:1.9.2]
	at org.junit.jupiter.engine.execution.MethodInvocation.proceed(MethodInvocation.java:60) ~[junit-jupiter-engine-5.9.2.jar:5.9.2]
	at org.junit.jupiter.engine.execution.InvocationInterceptorChain$ValidatingInvocation.proceed(InvocationInterceptorChain.java:131) ~[junit-jupiter-engine-5.9.2.jar:5.9.2]
	at org.junit.jupiter.engine.extension.TimeoutExtension.intercept(TimeoutExtension.java:156) ~[junit-jupiter-engine-5.9.2.jar:5.9.2]
	at org.junit.jupiter.engine.extension.TimeoutExtension.interceptTestableMethod(TimeoutExtension.java:147) ~[junit-jupiter-engine-5.9.2.jar:5.9.2]
	at org.junit.jupiter.engine.extension.TimeoutExtension.interceptTestMethod(TimeoutExtension.java:86) ~[junit-jupiter-engine-5.9.2.jar:5.9.2]
	at org.junit.jupiter.engine.execution.InterceptingExecutableInvoker$ReflectiveInterceptorCall.lambda$ofVoidMethod$0(InterceptingExecutableInvoker.java:103) ~[junit-jupiter-engine-5.9.2.jar:5.9.2]
	at org.junit.jupiter.engine.execution.InterceptingExecutableInvoker.lambda$invoke$0(InterceptingExecutableInvoker.java:93) ~[junit-jupiter-engine-5.9.2.jar:5.9.2]
	at org.junit.jupiter.engine.execution.InvocationInterceptorChain$InterceptedInvocation.proceed(InvocationInterceptorChain.java:106) ~[junit-jupiter-engine-5.9.2.jar:5.9.2]
	at org.junit.jupiter.engine.execution.InvocationInterceptorChain.proceed(InvocationInterceptorChain.java:64) ~[junit-jupiter-engine-5.9.2.jar:5.9.2]
	at org.junit.jupiter.engine.execution.InvocationInterceptorChain.chainAndInvoke(InvocationInterceptorChain.java:45) ~[junit-jupiter-engine-5.9.2.jar:5.9.2]
	at org.junit.jupiter.engine.execution.InvocationInterceptorChain.invoke(InvocationInterceptorChain.java:37) ~[junit-jupiter-engine-5.9.2.jar:5.9.2]
	at org.junit.jupiter.engine.execution.InterceptingExecutableInvoker.invoke(InterceptingExecutableInvoker.java:92) ~[junit-jupiter-engine-5.9.2.jar:5.9.2]
	at org.junit.jupiter.engine.execution.InterceptingExecutableInvoker.invoke(InterceptingExecutableInvoker.java:86) ~[junit-jupiter-engine-5.9.2.jar:5.9.2]
	at org.junit.jupiter.engine.descriptor.TestMethodTestDescriptor.lambda$invokeTestMethod$7(TestMethodTestDescriptor.java:217) ~[junit-jupiter-engine-5.9.2.jar:5.9.2]
	at org.junit.platform.engine.support.hierarchical.ThrowableCollector.execute(ThrowableCollector.java:73) ~[junit-platform-engine-1.9.2.jar:1.9.2]
	at org.junit.jupiter.engine.descriptor.TestMethodTestDescriptor.invokeTestMethod(TestMethodTestDescriptor.java:213) ~[junit-jupiter-engine-5.9.2.jar:5.9.2]
	at org.junit.jupiter.engine.descriptor.TestMethodTestDescriptor.execute(TestMethodTestDescriptor.java:138) ~[junit-jupiter-engine-5.9.2.jar:5.9.2]
	at org.junit.jupiter.engine.descriptor.TestMethodTestDescriptor.execute(TestMethodTestDescriptor.java:68) ~[junit-jupiter-engine-5.9.2.jar:5.9.2]
	at org.junit.platform.engine.support.hierarchical.NodeTestTask.lambda$executeRecursively$6(NodeTestTask.java:151) ~[junit-platform-engine-1.9.2.jar:1.9.2]
	at org.junit.platform.engine.support.hierarchical.ThrowableCollector.execute(ThrowableCollector.java:73) ~[junit-platform-engine-1.9.2.jar:1.9.2]
	at org.junit.platform.engine.support.hierarchical.NodeTestTask.lambda$executeRecursively$8(NodeTestTask.java:141) ~[junit-platform-engine-1.9.2.jar:1.9.2]
	at org.junit.platform.engine.support.hierarchical.Node.around(Node.java:137) ~[junit-platform-engine-1.9.2.jar:1.9.2]
	at org.junit.platform.engine.support.hierarchical.NodeTestTask.lambda$executeRecursively$9(NodeTestTask.java:139) ~[junit-platform-engine-1.9.2.jar:1.9.2]
	at org.junit.platform.engine.support.hierarchical.ThrowableCollector.execute(ThrowableCollector.java:73) ~[junit-platform-engine-1.9.2.jar:1.9.2]
	at org.junit.platform.engine.support.hierarchical.NodeTestTask.executeRecursively(NodeTestTask.java:138) ~[junit-platform-engine-1.9.2.jar:1.9.2]
	at org.junit.platform.engine.support.hierarchical.NodeTestTask.execute(NodeTestTask.java:95) ~[junit-platform-engine-1.9.2.jar:1.9.2]
	at java.base/java.util.ArrayList.forEach(ArrayList.java:1511) ~[na:na]
	at org.junit.platform.engine.support.hierarchical.SameThreadHierarchicalTestExecutorService.invokeAll(SameThreadHierarchicalTestExecutorService.java:41) ~[junit-platform-engine-1.9.2.jar:1.9.2]
	at org.junit.platform.engine.support.hierarchical.NodeTestTask.lambda$executeRecursively$6(NodeTestTask.java:155) ~[junit-platform-engine-1.9.2.jar:1.9.2]
	at org.junit.platform.engine.support.hierarchical.ThrowableCollector.execute(ThrowableCollector.java:73) ~[junit-platform-engine-1.9.2.jar:1.9.2]
	at org.junit.platform.engine.support.hierarchical.NodeTestTask.lambda$executeRecursively$8(NodeTestTask.java:141) ~[junit-platform-engine-1.9.2.jar:1.9.2]
	at org.junit.platform.engine.support.hierarchical.Node.around(Node.java:137) ~[junit-platform-engine-1.9.2.jar:1.9.2]
	at org.junit.platform.engine.support.hierarchical.NodeTestTask.lambda$executeRecursively$9(NodeTestTask.java:139) ~[junit-platform-engine-1.9.2.jar:1.9.2]
	at org.junit.platform.engine.support.hierarchical.ThrowableCollector.execute(ThrowableCollector.java:73) ~[junit-platform-engine-1.9.2.jar:1.9.2]
	at org.junit.platform.engine.support.hierarchical.NodeTestTask.executeRecursively(NodeTestTask.java:138) ~[junit-platform-engine-1.9.2.jar:1.9.2]
	at org.junit.platform.engine.support.hierarchical.NodeTestTask.execute(NodeTestTask.java:95) ~[junit-platform-engine-1.9.2.jar:1.9.2]
	at java.base/java.util.ArrayList.forEach(ArrayList.java:1511) ~[na:na]
	at org.junit.platform.engine.support.hierarchical.SameThreadHierarchicalTestExecutorService.invokeAll(SameThreadHierarchicalTestExecutorService.java:41) ~[junit-platform-engine-1.9.2.jar:1.9.2]
	at org.junit.platform.engine.support.hierarchical.NodeTestTask.lambda$executeRecursively$6(NodeTestTask.java:155) ~[junit-platform-engine-1.9.2.jar:1.9.2]
	at org.junit.platform.engine.support.hierarchical.ThrowableCollector.execute(ThrowableCollector.java:73) ~[junit-platform-engine-1.9.2.jar:1.9.2]
	at org.junit.platform.engine.support.hierarchical.NodeTestTask.lambda$executeRecursively$8(NodeTestTask.java:141) ~[junit-platform-engine-1.9.2.jar:1.9.2]
	at org.junit.platform.engine.support.hierarchical.Node.around(Node.java:137) ~[junit-platform-engine-1.9.2.jar:1.9.2]
	at org.junit.platform.engine.support.hierarchical.NodeTestTask.lambda$executeRecursively$9(NodeTestTask.java:139) ~[junit-platform-engine-1.9.2.jar:1.9.2]
	at org.junit.platform.engine.support.hierarchical.ThrowableCollector.execute(ThrowableCollector.java:73) ~[junit-platform-engine-1.9.2.jar:1.9.2]
	at org.junit.platform.engine.support.hierarchical.NodeTestTask.executeRecursively(NodeTestTask.java:138) ~[junit-platform-engine-1.9.2.jar:1.9.2]
	at org.junit.platform.engine.support.hierarchical.NodeTestTask.execute(NodeTestTask.java:95) ~[junit-platform-engine-1.9.2.jar:1.9.2]
	at org.junit.platform.engine.support.hierarchical.SameThreadHierarchicalTestExecutorService.submit(SameThreadHierarchicalTestExecutorService.java:35) ~[junit-platform-engine-1.9.2.jar:1.9.2]
	at org.junit.platform.engine.support.hierarchical.HierarchicalTestExecutor.execute(HierarchicalTestExecutor.java:57) ~[junit-platform-engine-1.9.2.jar:1.9.2]
	at org.junit.platform.engine.support.hierarchical.HierarchicalTestEngine.execute(HierarchicalTestEngine.java:54) ~[junit-platform-engine-1.9.2.jar:1.9.2]
	at org.junit.platform.launcher.core.DefaultLauncher.execute(DefaultLauncher.java:220) ~[junit-platform-launcher-1.3.1.jar:1.3.1]
	at org.junit.platform.launcher.core.DefaultLauncher.lambda$execute$6(DefaultLauncher.java:188) ~[junit-platform-launcher-1.3.1.jar:1.3.1]
	at org.junit.platform.launcher.core.DefaultLauncher.withInterceptedStreams(DefaultLauncher.java:202) ~[junit-platform-launcher-1.3.1.jar:1.3.1]
	at org.junit.platform.launcher.core.DefaultLauncher.execute(DefaultLauncher.java:181) ~[junit-platform-launcher-1.3.1.jar:1.3.1]
	at org.junit.platform.launcher.core.DefaultLauncher.execute(DefaultLauncher.java:128) ~[junit-platform-launcher-1.3.1.jar:1.3.1]
	at org.apache.maven.surefire.junitplatform.JUnitPlatformProvider.invokeAllTests(JUnitPlatformProvider.java:150) ~[surefire-junit-platform-2.22.2.jar:2.22.2]
	at org.apache.maven.surefire.junitplatform.JUnitPlatformProvider.invoke(JUnitPlatformProvider.java:124) ~[surefire-junit-platform-2.22.2.jar:2.22.2]
	at org.apache.maven.surefire.booter.ForkedBooter.invokeProviderInSameClassLoader(ForkedBooter.java:384) ~[surefire-booter-2.22.2.jar:2.22.2]
	at org.apache.maven.surefire.booter.ForkedBooter.runSuitesInProcess(ForkedBooter.java:345) ~[surefire-booter-2.22.2.jar:2.22.2]
	at org.apache.maven.surefire.booter.ForkedBooter.execute(ForkedBooter.java:126) ~[surefire-booter-2.22.2.jar:2.22.2]
	at org.apache.maven.surefire.booter.ForkedBooter.main(ForkedBooter.java:418) ~[surefire-booter-2.22.2.jar:2.22.2]

2023-11-10T12:03:56.896+05:30  INFO 97961 --- [SpringApplicationShutdownHook] j.LocalContainerEntityManagerFactoryBean : Closing JPA EntityManagerFactory for persistence unit 'default'
2023-11-10T12:03:56.898+05:30  INFO 97961 --- [SpringApplicationShutdownHook] com.zaxxer.hikari.HikariDataSource       : HikariPool-1 - Shutdown initiated...
2023-11-10T12:03:56.902+05:30  INFO 97961 --- [SpringApplicationShutdownHook] com.zaxxer.hikari.HikariDataSource       : HikariPool-1 - Shutdown completed.
2023-11-10T12:03:56.917+05:30  INFO 97961 --- [SpringApplicationShutdownHook] j.LocalContainerEntityManagerFactoryBean : Closing JPA EntityManagerFactory for persistence unit 'default'
2023-11-10T12:03:56.918+05:30  INFO 97961 --- [SpringApplicationShutdownHook] com.zaxxer.hikari.HikariDataSource       : HikariPool-2 - Shutdown initiated...
2023-11-10T12:03:56.922+05:30  INFO 97961 --- [SpringApplicationShutdownHook] com.zaxxer.hikari.HikariDataSource       : HikariPool-2 - Shutdown completed.
2023-11-10T12:10:05.966+05:30  INFO 98664 --- [main] c.e.d.DevOpsProjApplicationTests         : Starting DevOpsProjApplicationTests using Java 17.0.8.1 with PID 98664 (started by nineleaps in /home/nineleaps/Desktop/sonar/DevOpsProj)
2023-11-10T12:10:05.967+05:30  INFO 98664 --- [main] c.e.d.DevOpsProjApplicationTests         : No active profile set, falling back to 1 default profile: "default"
2023-11-10T12:10:07.096+05:30  INFO 98664 --- [main] .s.d.r.c.RepositoryConfigurationDelegate : Bootstrapping Spring Data JPA repositories in DEFAULT mode.
2023-11-10T12:10:07.210+05:30  INFO 98664 --- [main] .s.d.r.c.RepositoryConfigurationDelegate : Finished Spring Data repository scanning in 103 ms. Found 10 JPA repository interfaces.
2023-11-10T12:10:07.735+05:30  INFO 98664 --- [main] trationDelegate$BeanPostProcessorChecker : Bean 'org.springframework.ws.config.annotation.DelegatingWsConfiguration' of type [org.springframework.ws.config.annotation.DelegatingWsConfiguration$$SpringCGLIB$$0] is not eligible for getting processed by all BeanPostProcessors (for example: not eligible for auto-proxying)
2023-11-10T12:10:07.781+05:30  INFO 98664 --- [main] .w.s.a.s.AnnotationActionEndpointMapping : Supporting [WS-Addressing August 2004, WS-Addressing 1.0]
2023-11-10T12:10:08.053+05:30  INFO 98664 --- [main] o.f.c.internal.license.VersionPrinter    : Flyway Community Edition 9.5.1 by Redgate
2023-11-10T12:10:08.053+05:30  INFO 98664 --- [main] o.f.c.internal.license.VersionPrinter    : See what's new here: https://flywaydb.org/documentation/learnmore/releaseNotes#9.5.1
2023-11-10T12:10:08.053+05:30  INFO 98664 --- [main] o.f.c.internal.license.VersionPrinter    : 
2023-11-10T12:10:08.072+05:30  INFO 98664 --- [main] com.zaxxer.hikari.HikariDataSource       : HikariPool-1 - Starting...
2023-11-10T12:10:08.376+05:30  INFO 98664 --- [main] com.zaxxer.hikari.pool.HikariPool        : HikariPool-1 - Added connection com.mysql.cj.jdbc.ConnectionImpl@2d52f6d
2023-11-10T12:10:08.381+05:30  INFO 98664 --- [main] com.zaxxer.hikari.HikariDataSource       : HikariPool-1 - Start completed.
2023-11-10T12:10:08.440+05:30  INFO 98664 --- [main] o.f.c.i.database.base.BaseDatabaseType   : Database: jdbc:mysql://localhost:3306/pam3 (MySQL 8.0)
2023-11-10T12:10:08.508+05:30  INFO 98664 --- [main] o.f.core.internal.command.DbValidate     : Successfully validated 2 migrations (execution time 00:00.031s)
2023-11-10T12:10:08.531+05:30  INFO 98664 --- [main] o.f.core.internal.command.DbMigrate      : Current version of schema `pam3`: 1
2023-11-10T12:10:08.533+05:30  INFO 98664 --- [main] o.f.core.internal.command.DbMigrate      : Schema `pam3` is up to date. No migration necessary.
2023-11-10T12:10:08.643+05:30  INFO 98664 --- [main] o.hibernate.jpa.internal.util.LogHelper  : HHH000204: Processing PersistenceUnitInfo [name: default]
2023-11-10T12:10:08.727+05:30  INFO 98664 --- [main] org.hibernate.Version                    : HHH000412: Hibernate ORM core version 6.1.7.Final
2023-11-10T12:10:08.986+05:30  INFO 98664 --- [main] SQL dialect                              : HHH000400: Using dialect: org.hibernate.dialect.MySQLDialect
2023-11-10T12:10:10.126+05:30  INFO 98664 --- [main] o.h.e.t.j.p.i.JtaPlatformInitiator       : HHH000490: Using JtaPlatform implementation: [org.hibernate.engine.transaction.jta.platform.internal.NoJtaPlatform]
2023-11-10T12:10:10.137+05:30  INFO 98664 --- [main] j.LocalContainerEntityManagerFactoryBean : Initialized JPA EntityManagerFactory for persistence unit 'default'
2023-11-10T12:10:11.457+05:30  WARN 98664 --- [main] JpaBaseConfiguration$JpaWebConfiguration : spring.jpa.open-in-view is enabled by default. Therefore, database queries may be performed during view rendering. Explicitly configure spring.jpa.open-in-view to disable this warning
2023-11-10T12:10:11.857+05:30  INFO 98664 --- [main] o.s.s.web.DefaultSecurityFilterChain     : Will secure any request with [org.springframework.security.web.session.DisableEncodeUrlFilter@77f786f7, org.springframework.security.web.context.request.async.WebAsyncManagerIntegrationFilter@37a534e6, org.springframework.security.web.context.SecurityContextHolderFilter@802e801, org.springframework.security.web.header.HeaderWriterFilter@26611462, org.springframework.security.web.authentication.logout.LogoutFilter@5928c998, com.example.devopsproj.config.JwtAuthenticationFilter@1b81e55, org.springframework.security.web.savedrequest.RequestCacheAwareFilter@5a63b461, org.springframework.security.web.servletapi.SecurityContextHolderAwareRequestFilter@4eff4aac, org.springframework.security.web.authentication.AnonymousAuthenticationFilter@24feb0a2, org.springframework.security.web.session.SessionManagementFilter@597db7f9, org.springframework.security.web.access.ExceptionTranslationFilter@69d73398, org.springframework.security.web.access.intercept.AuthorizationFilter@6b9f0aea]
2023-11-10T12:10:12.385+05:30  INFO 98664 --- [main] c.e.d.DevOpsProjApplicationTests         : Started DevOpsProjApplicationTests in 6.82 seconds (process running for 19.256)
2023-11-10T12:10:12.440+05:30  INFO 98664 --- [main] c.e.devopsproj.DevOpsProjApplication     : Starting DevOpsProjApplication using Java 17.0.8.1 with PID 98664 (started by nineleaps in /home/nineleaps/Desktop/sonar/DevOpsProj)
2023-11-10T12:10:12.441+05:30  INFO 98664 --- [main] c.e.devopsproj.DevOpsProjApplication     : No active profile set, falling back to 1 default profile: "default"
2023-11-10T12:10:12.680+05:30  INFO 98664 --- [main] .s.d.r.c.RepositoryConfigurationDelegate : Bootstrapping Spring Data JPA repositories in DEFAULT mode.
2023-11-10T12:10:12.723+05:30  INFO 98664 --- [main] .s.d.r.c.RepositoryConfigurationDelegate : Finished Spring Data repository scanning in 42 ms. Found 10 JPA repository interfaces.
2023-11-10T12:10:12.807+05:30  INFO 98664 --- [main] trationDelegate$BeanPostProcessorChecker : Bean 'org.springframework.ws.config.annotation.DelegatingWsConfiguration' of type [org.springframework.ws.config.annotation.DelegatingWsConfiguration$$SpringCGLIB$$0] is not eligible for getting processed by all BeanPostProcessors (for example: not eligible for auto-proxying)
2023-11-10T12:10:12.809+05:30  INFO 98664 --- [main] .w.s.a.s.AnnotationActionEndpointMapping : Supporting [WS-Addressing August 2004, WS-Addressing 1.0]
2023-11-10T12:10:13.013+05:30  INFO 98664 --- [main] o.s.b.w.embedded.tomcat.TomcatWebServer  : Tomcat initialized with port(s): 8080 (http)
2023-11-10T12:10:13.039+05:30  INFO 98664 --- [main] o.apache.catalina.core.StandardService   : Starting service [Tomcat]
2023-11-10T12:10:13.039+05:30  INFO 98664 --- [main] o.apache.catalina.core.StandardEngine    : Starting Servlet engine: [Apache Tomcat/10.1.7]
2023-11-10T12:10:13.131+05:30  INFO 98664 --- [main] o.a.c.c.C.[Tomcat].[localhost].[/]       : Initializing Spring embedded WebApplicationContext
2023-11-10T12:10:13.132+05:30  INFO 98664 --- [main] w.s.c.ServletWebServerApplicationContext : Root WebApplicationContext: initialization completed in 689 ms
2023-11-10T12:10:13.178+05:30  INFO 98664 --- [main] com.zaxxer.hikari.HikariDataSource       : HikariPool-2 - Starting...
2023-11-10T12:10:13.195+05:30  INFO 98664 --- [main] com.zaxxer.hikari.pool.HikariPool        : HikariPool-2 - Added connection com.mysql.cj.jdbc.ConnectionImpl@2697d130
2023-11-10T12:10:13.195+05:30  INFO 98664 --- [main] com.zaxxer.hikari.HikariDataSource       : HikariPool-2 - Start completed.
2023-11-10T12:10:13.196+05:30  INFO 98664 --- [main] o.f.c.i.database.base.BaseDatabaseType   : Database: jdbc:mysql://localhost:3306/pam3 (MySQL 8.0)
2023-11-10T12:10:13.217+05:30  INFO 98664 --- [main] o.f.core.internal.command.DbValidate     : Successfully validated 2 migrations (execution time 00:00.008s)
2023-11-10T12:10:13.233+05:30  INFO 98664 --- [main] o.f.core.internal.command.DbMigrate      : Current version of schema `pam3`: 1
2023-11-10T12:10:13.234+05:30  INFO 98664 --- [main] o.f.core.internal.command.DbMigrate      : Schema `pam3` is up to date. No migration necessary.
2023-11-10T12:10:13.275+05:30  INFO 98664 --- [main] o.hibernate.jpa.internal.util.LogHelper  : HHH000204: Processing PersistenceUnitInfo [name: default]
2023-11-10T12:10:13.289+05:30  INFO 98664 --- [main] SQL dialect                              : HHH000400: Using dialect: org.hibernate.dialect.MySQLDialect
2023-11-10T12:10:13.655+05:30  INFO 98664 --- [main] o.h.e.t.j.p.i.JtaPlatformInitiator       : HHH000490: Using JtaPlatform implementation: [org.hibernate.engine.transaction.jta.platform.internal.NoJtaPlatform]
2023-11-10T12:10:13.655+05:30  INFO 98664 --- [main] j.LocalContainerEntityManagerFactoryBean : Initialized JPA EntityManagerFactory for persistence unit 'default'
2023-11-10T12:10:13.994+05:30  WARN 98664 --- [main] JpaBaseConfiguration$JpaWebConfiguration : spring.jpa.open-in-view is enabled by default. Therefore, database queries may be performed during view rendering. Explicitly configure spring.jpa.open-in-view to disable this warning
2023-11-10T12:10:14.095+05:30  INFO 98664 --- [main] o.s.s.web.DefaultSecurityFilterChain     : Will secure any request with [org.springframework.security.web.session.DisableEncodeUrlFilter@2f7539be, org.springframework.security.web.context.request.async.WebAsyncManagerIntegrationFilter@3c68c406, org.springframework.security.web.context.SecurityContextHolderFilter@1bb85a04, org.springframework.security.web.header.HeaderWriterFilter@157fc9b4, org.springframework.security.web.authentication.logout.LogoutFilter@4cbbf6a0, com.example.devopsproj.config.JwtAuthenticationFilter@26e434f5, org.springframework.security.web.savedrequest.RequestCacheAwareFilter@13dae2a7, org.springframework.security.web.servletapi.SecurityContextHolderAwareRequestFilter@7803bb01, org.springframework.security.web.authentication.AnonymousAuthenticationFilter@33850b6b, org.springframework.security.web.session.SessionManagementFilter@7e5276d8, org.springframework.security.web.access.ExceptionTranslationFilter@3fa6e995, org.springframework.security.web.access.intercept.AuthorizationFilter@6d8e93ee]
2023-11-10T12:10:14.223+05:30  INFO 98664 --- [main] o.s.b.w.embedded.tomcat.TomcatWebServer  : Tomcat started on port(s): 8080 (http) with context path ''
2023-11-10T12:10:14.227+05:30  INFO 98664 --- [main] c.e.devopsproj.DevOpsProjApplication     : Started DevOpsProjApplication in 1.811 seconds (process running for 21.098)
2023-11-10T12:10:17.514+05:30 ERROR 98664 --- [main] c.e.d.utils.GitHubUserValidation         : An error occurred: 

java.lang.InterruptedException: null
	at java.net.http/jdk.internal.net.http.HttpClientImpl.send(HttpClientImpl.java:550) ~[java.net.http:na]
	at java.net.http/jdk.internal.net.http.HttpClientFacade.send(HttpClientFacade.java:123) ~[java.net.http:na]
	at com.example.devopsproj.utils.GitHubUserValidation.isGitHubUserValid(GitHubUserValidation.java:28) ~[classes/:na]
	at com.example.devopsproj.utils.GitHubUserValidationTest.testInterruptedExceptionHandling(GitHubUserValidationTest.java:114) ~[test-classes/:na]
	at java.base/jdk.internal.reflect.NativeMethodAccessorImpl.invoke0(Native Method) ~[na:na]
	at java.base/jdk.internal.reflect.NativeMethodAccessorImpl.invoke(NativeMethodAccessorImpl.java:77) ~[na:na]
	at java.base/jdk.internal.reflect.DelegatingMethodAccessorImpl.invoke(DelegatingMethodAccessorImpl.java:43) ~[na:na]
	at java.base/java.lang.reflect.Method.invoke(Method.java:568) ~[na:na]
	at org.junit.platform.commons.util.ReflectionUtils.invokeMethod(ReflectionUtils.java:727) ~[junit-platform-commons-1.9.2.jar:1.9.2]
	at org.junit.jupiter.engine.execution.MethodInvocation.proceed(MethodInvocation.java:60) ~[junit-jupiter-engine-5.9.2.jar:5.9.2]
	at org.junit.jupiter.engine.execution.InvocationInterceptorChain$ValidatingInvocation.proceed(InvocationInterceptorChain.java:131) ~[junit-jupiter-engine-5.9.2.jar:5.9.2]
	at org.junit.jupiter.engine.extension.TimeoutExtension.intercept(TimeoutExtension.java:156) ~[junit-jupiter-engine-5.9.2.jar:5.9.2]
	at org.junit.jupiter.engine.extension.TimeoutExtension.interceptTestableMethod(TimeoutExtension.java:147) ~[junit-jupiter-engine-5.9.2.jar:5.9.2]
	at org.junit.jupiter.engine.extension.TimeoutExtension.interceptTestMethod(TimeoutExtension.java:86) ~[junit-jupiter-engine-5.9.2.jar:5.9.2]
	at org.junit.jupiter.engine.execution.InterceptingExecutableInvoker$ReflectiveInterceptorCall.lambda$ofVoidMethod$0(InterceptingExecutableInvoker.java:103) ~[junit-jupiter-engine-5.9.2.jar:5.9.2]
	at org.junit.jupiter.engine.execution.InterceptingExecutableInvoker.lambda$invoke$0(InterceptingExecutableInvoker.java:93) ~[junit-jupiter-engine-5.9.2.jar:5.9.2]
	at org.junit.jupiter.engine.execution.InvocationInterceptorChain$InterceptedInvocation.proceed(InvocationInterceptorChain.java:106) ~[junit-jupiter-engine-5.9.2.jar:5.9.2]
	at org.junit.jupiter.engine.execution.InvocationInterceptorChain.proceed(InvocationInterceptorChain.java:64) ~[junit-jupiter-engine-5.9.2.jar:5.9.2]
	at org.junit.jupiter.engine.execution.InvocationInterceptorChain.chainAndInvoke(InvocationInterceptorChain.java:45) ~[junit-jupiter-engine-5.9.2.jar:5.9.2]
	at org.junit.jupiter.engine.execution.InvocationInterceptorChain.invoke(InvocationInterceptorChain.java:37) ~[junit-jupiter-engine-5.9.2.jar:5.9.2]
	at org.junit.jupiter.engine.execution.InterceptingExecutableInvoker.invoke(InterceptingExecutableInvoker.java:92) ~[junit-jupiter-engine-5.9.2.jar:5.9.2]
	at org.junit.jupiter.engine.execution.InterceptingExecutableInvoker.invoke(InterceptingExecutableInvoker.java:86) ~[junit-jupiter-engine-5.9.2.jar:5.9.2]
	at org.junit.jupiter.engine.descriptor.TestMethodTestDescriptor.lambda$invokeTestMethod$7(TestMethodTestDescriptor.java:217) ~[junit-jupiter-engine-5.9.2.jar:5.9.2]
	at org.junit.platform.engine.support.hierarchical.ThrowableCollector.execute(ThrowableCollector.java:73) ~[junit-platform-engine-1.9.2.jar:1.9.2]
	at org.junit.jupiter.engine.descriptor.TestMethodTestDescriptor.invokeTestMethod(TestMethodTestDescriptor.java:213) ~[junit-jupiter-engine-5.9.2.jar:5.9.2]
	at org.junit.jupiter.engine.descriptor.TestMethodTestDescriptor.execute(TestMethodTestDescriptor.java:138) ~[junit-jupiter-engine-5.9.2.jar:5.9.2]
	at org.junit.jupiter.engine.descriptor.TestMethodTestDescriptor.execute(TestMethodTestDescriptor.java:68) ~[junit-jupiter-engine-5.9.2.jar:5.9.2]
	at org.junit.platform.engine.support.hierarchical.NodeTestTask.lambda$executeRecursively$6(NodeTestTask.java:151) ~[junit-platform-engine-1.9.2.jar:1.9.2]
	at org.junit.platform.engine.support.hierarchical.ThrowableCollector.execute(ThrowableCollector.java:73) ~[junit-platform-engine-1.9.2.jar:1.9.2]
	at org.junit.platform.engine.support.hierarchical.NodeTestTask.lambda$executeRecursively$8(NodeTestTask.java:141) ~[junit-platform-engine-1.9.2.jar:1.9.2]
	at org.junit.platform.engine.support.hierarchical.Node.around(Node.java:137) ~[junit-platform-engine-1.9.2.jar:1.9.2]
	at org.junit.platform.engine.support.hierarchical.NodeTestTask.lambda$executeRecursively$9(NodeTestTask.java:139) ~[junit-platform-engine-1.9.2.jar:1.9.2]
	at org.junit.platform.engine.support.hierarchical.ThrowableCollector.execute(ThrowableCollector.java:73) ~[junit-platform-engine-1.9.2.jar:1.9.2]
	at org.junit.platform.engine.support.hierarchical.NodeTestTask.executeRecursively(NodeTestTask.java:138) ~[junit-platform-engine-1.9.2.jar:1.9.2]
	at org.junit.platform.engine.support.hierarchical.NodeTestTask.execute(NodeTestTask.java:95) ~[junit-platform-engine-1.9.2.jar:1.9.2]
	at java.base/java.util.ArrayList.forEach(ArrayList.java:1511) ~[na:na]
	at org.junit.platform.engine.support.hierarchical.SameThreadHierarchicalTestExecutorService.invokeAll(SameThreadHierarchicalTestExecutorService.java:41) ~[junit-platform-engine-1.9.2.jar:1.9.2]
	at org.junit.platform.engine.support.hierarchical.NodeTestTask.lambda$executeRecursively$6(NodeTestTask.java:155) ~[junit-platform-engine-1.9.2.jar:1.9.2]
	at org.junit.platform.engine.support.hierarchical.ThrowableCollector.execute(ThrowableCollector.java:73) ~[junit-platform-engine-1.9.2.jar:1.9.2]
	at org.junit.platform.engine.support.hierarchical.NodeTestTask.lambda$executeRecursively$8(NodeTestTask.java:141) ~[junit-platform-engine-1.9.2.jar:1.9.2]
	at org.junit.platform.engine.support.hierarchical.Node.around(Node.java:137) ~[junit-platform-engine-1.9.2.jar:1.9.2]
	at org.junit.platform.engine.support.hierarchical.NodeTestTask.lambda$executeRecursively$9(NodeTestTask.java:139) ~[junit-platform-engine-1.9.2.jar:1.9.2]
	at org.junit.platform.engine.support.hierarchical.ThrowableCollector.execute(ThrowableCollector.java:73) ~[junit-platform-engine-1.9.2.jar:1.9.2]
	at org.junit.platform.engine.support.hierarchical.NodeTestTask.executeRecursively(NodeTestTask.java:138) ~[junit-platform-engine-1.9.2.jar:1.9.2]
	at org.junit.platform.engine.support.hierarchical.NodeTestTask.execute(NodeTestTask.java:95) ~[junit-platform-engine-1.9.2.jar:1.9.2]
	at java.base/java.util.ArrayList.forEach(ArrayList.java:1511) ~[na:na]
	at org.junit.platform.engine.support.hierarchical.SameThreadHierarchicalTestExecutorService.invokeAll(SameThreadHierarchicalTestExecutorService.java:41) ~[junit-platform-engine-1.9.2.jar:1.9.2]
	at org.junit.platform.engine.support.hierarchical.NodeTestTask.lambda$executeRecursively$6(NodeTestTask.java:155) ~[junit-platform-engine-1.9.2.jar:1.9.2]
	at org.junit.platform.engine.support.hierarchical.ThrowableCollector.execute(ThrowableCollector.java:73) ~[junit-platform-engine-1.9.2.jar:1.9.2]
	at org.junit.platform.engine.support.hierarchical.NodeTestTask.lambda$executeRecursively$8(NodeTestTask.java:141) ~[junit-platform-engine-1.9.2.jar:1.9.2]
	at org.junit.platform.engine.support.hierarchical.Node.around(Node.java:137) ~[junit-platform-engine-1.9.2.jar:1.9.2]
	at org.junit.platform.engine.support.hierarchical.NodeTestTask.lambda$executeRecursively$9(NodeTestTask.java:139) ~[junit-platform-engine-1.9.2.jar:1.9.2]
	at org.junit.platform.engine.support.hierarchical.ThrowableCollector.execute(ThrowableCollector.java:73) ~[junit-platform-engine-1.9.2.jar:1.9.2]
	at org.junit.platform.engine.support.hierarchical.NodeTestTask.executeRecursively(NodeTestTask.java:138) ~[junit-platform-engine-1.9.2.jar:1.9.2]
	at org.junit.platform.engine.support.hierarchical.NodeTestTask.execute(NodeTestTask.java:95) ~[junit-platform-engine-1.9.2.jar:1.9.2]
	at org.junit.platform.engine.support.hierarchical.SameThreadHierarchicalTestExecutorService.submit(SameThreadHierarchicalTestExecutorService.java:35) ~[junit-platform-engine-1.9.2.jar:1.9.2]
	at org.junit.platform.engine.support.hierarchical.HierarchicalTestExecutor.execute(HierarchicalTestExecutor.java:57) ~[junit-platform-engine-1.9.2.jar:1.9.2]
	at org.junit.platform.engine.support.hierarchical.HierarchicalTestEngine.execute(HierarchicalTestEngine.java:54) ~[junit-platform-engine-1.9.2.jar:1.9.2]
	at org.junit.platform.launcher.core.DefaultLauncher.execute(DefaultLauncher.java:220) ~[junit-platform-launcher-1.3.1.jar:1.3.1]
	at org.junit.platform.launcher.core.DefaultLauncher.lambda$execute$6(DefaultLauncher.java:188) ~[junit-platform-launcher-1.3.1.jar:1.3.1]
	at org.junit.platform.launcher.core.DefaultLauncher.withInterceptedStreams(DefaultLauncher.java:202) ~[junit-platform-launcher-1.3.1.jar:1.3.1]
	at org.junit.platform.launcher.core.DefaultLauncher.execute(DefaultLauncher.java:181) ~[junit-platform-launcher-1.3.1.jar:1.3.1]
	at org.junit.platform.launcher.core.DefaultLauncher.execute(DefaultLauncher.java:128) ~[junit-platform-launcher-1.3.1.jar:1.3.1]
	at org.apache.maven.surefire.junitplatform.JUnitPlatformProvider.invokeAllTests(JUnitPlatformProvider.java:150) ~[surefire-junit-platform-2.22.2.jar:2.22.2]
	at org.apache.maven.surefire.junitplatform.JUnitPlatformProvider.invoke(JUnitPlatformProvider.java:124) ~[surefire-junit-platform-2.22.2.jar:2.22.2]
	at org.apache.maven.surefire.booter.ForkedBooter.invokeProviderInSameClassLoader(ForkedBooter.java:384) ~[surefire-booter-2.22.2.jar:2.22.2]
	at org.apache.maven.surefire.booter.ForkedBooter.runSuitesInProcess(ForkedBooter.java:345) ~[surefire-booter-2.22.2.jar:2.22.2]
	at org.apache.maven.surefire.booter.ForkedBooter.execute(ForkedBooter.java:126) ~[surefire-booter-2.22.2.jar:2.22.2]
	at org.apache.maven.surefire.booter.ForkedBooter.main(ForkedBooter.java:418) ~[surefire-booter-2.22.2.jar:2.22.2]

2023-11-10T12:10:18.285+05:30  INFO 98664 --- [SpringApplicationShutdownHook] j.LocalContainerEntityManagerFactoryBean : Closing JPA EntityManagerFactory for persistence unit 'default'
2023-11-10T12:10:18.287+05:30  INFO 98664 --- [SpringApplicationShutdownHook] com.zaxxer.hikari.HikariDataSource       : HikariPool-1 - Shutdown initiated...
2023-11-10T12:10:18.292+05:30  INFO 98664 --- [SpringApplicationShutdownHook] com.zaxxer.hikari.HikariDataSource       : HikariPool-1 - Shutdown completed.
2023-11-10T12:10:18.307+05:30  INFO 98664 --- [SpringApplicationShutdownHook] j.LocalContainerEntityManagerFactoryBean : Closing JPA EntityManagerFactory for persistence unit 'default'
2023-11-10T12:10:18.308+05:30  INFO 98664 --- [SpringApplicationShutdownHook] com.zaxxer.hikari.HikariDataSource       : HikariPool-2 - Shutdown initiated...
2023-11-10T12:10:18.311+05:30  INFO 98664 --- [SpringApplicationShutdownHook] com.zaxxer.hikari.HikariDataSource       : HikariPool-2 - Shutdown completed.
2023-11-10T12:48:48.759+05:30  INFO 99673 --- [main] c.e.d.DevOpsProjApplicationTests         : Starting DevOpsProjApplicationTests using Java 17.0.8.1 with PID 99673 (started by nineleaps in /home/nineleaps/Desktop/sonar/DevOpsProj)
2023-11-10T12:48:48.761+05:30  INFO 99673 --- [main] c.e.d.DevOpsProjApplicationTests         : No active profile set, falling back to 1 default profile: "default"
2023-11-10T12:48:49.820+05:30  INFO 99673 --- [main] .s.d.r.c.RepositoryConfigurationDelegate : Bootstrapping Spring Data JPA repositories in DEFAULT mode.
2023-11-10T12:48:49.926+05:30  INFO 99673 --- [main] .s.d.r.c.RepositoryConfigurationDelegate : Finished Spring Data repository scanning in 90 ms. Found 10 JPA repository interfaces.
2023-11-10T12:48:50.444+05:30  INFO 99673 --- [main] trationDelegate$BeanPostProcessorChecker : Bean 'org.springframework.ws.config.annotation.DelegatingWsConfiguration' of type [org.springframework.ws.config.annotation.DelegatingWsConfiguration$$SpringCGLIB$$0] is not eligible for getting processed by all BeanPostProcessors (for example: not eligible for auto-proxying)
2023-11-10T12:48:50.491+05:30  INFO 99673 --- [main] .w.s.a.s.AnnotationActionEndpointMapping : Supporting [WS-Addressing August 2004, WS-Addressing 1.0]
2023-11-10T12:48:50.786+05:30  INFO 99673 --- [main] o.f.c.internal.license.VersionPrinter    : Flyway Community Edition 9.5.1 by Redgate
2023-11-10T12:48:50.786+05:30  INFO 99673 --- [main] o.f.c.internal.license.VersionPrinter    : See what's new here: https://flywaydb.org/documentation/learnmore/releaseNotes#9.5.1
2023-11-10T12:48:50.792+05:30  INFO 99673 --- [main] o.f.c.internal.license.VersionPrinter    : 
2023-11-10T12:48:50.805+05:30  INFO 99673 --- [main] com.zaxxer.hikari.HikariDataSource       : HikariPool-1 - Starting...
2023-11-10T12:48:51.072+05:30  INFO 99673 --- [main] com.zaxxer.hikari.pool.HikariPool        : HikariPool-1 - Added connection com.mysql.cj.jdbc.ConnectionImpl@578e869
2023-11-10T12:48:51.074+05:30  INFO 99673 --- [main] com.zaxxer.hikari.HikariDataSource       : HikariPool-1 - Start completed.
2023-11-10T12:48:51.121+05:30  INFO 99673 --- [main] o.f.c.i.database.base.BaseDatabaseType   : Database: jdbc:mysql://localhost:3306/pam3 (MySQL 8.0)
2023-11-10T12:48:51.178+05:30  INFO 99673 --- [main] o.f.core.internal.command.DbValidate     : Successfully validated 2 migrations (execution time 00:00.031s)
2023-11-10T12:48:51.203+05:30  INFO 99673 --- [main] o.f.core.internal.command.DbMigrate      : Current version of schema `pam3`: 1
2023-11-10T12:48:51.204+05:30  INFO 99673 --- [main] o.f.core.internal.command.DbMigrate      : Schema `pam3` is up to date. No migration necessary.
2023-11-10T12:48:51.342+05:30  INFO 99673 --- [main] o.hibernate.jpa.internal.util.LogHelper  : HHH000204: Processing PersistenceUnitInfo [name: default]
2023-11-10T12:48:51.433+05:30  INFO 99673 --- [main] org.hibernate.Version                    : HHH000412: Hibernate ORM core version 6.1.7.Final
2023-11-10T12:48:51.738+05:30  INFO 99673 --- [main] SQL dialect                              : HHH000400: Using dialect: org.hibernate.dialect.MySQLDialect
2023-11-10T12:48:52.983+05:30  INFO 99673 --- [main] o.h.e.t.j.p.i.JtaPlatformInitiator       : HHH000490: Using JtaPlatform implementation: [org.hibernate.engine.transaction.jta.platform.internal.NoJtaPlatform]
2023-11-10T12:48:52.993+05:30  INFO 99673 --- [main] j.LocalContainerEntityManagerFactoryBean : Initialized JPA EntityManagerFactory for persistence unit 'default'
2023-11-10T12:48:54.376+05:30  WARN 99673 --- [main] JpaBaseConfiguration$JpaWebConfiguration : spring.jpa.open-in-view is enabled by default. Therefore, database queries may be performed during view rendering. Explicitly configure spring.jpa.open-in-view to disable this warning
2023-11-10T12:48:54.793+05:30  INFO 99673 --- [main] o.s.s.web.DefaultSecurityFilterChain     : Will secure any request with [org.springframework.security.web.session.DisableEncodeUrlFilter@16df87f1, org.springframework.security.web.context.request.async.WebAsyncManagerIntegrationFilter@1190d070, org.springframework.security.web.context.SecurityContextHolderFilter@4eff4aac, org.springframework.security.web.header.HeaderWriterFilter@18a4ab4f, org.springframework.security.web.authentication.logout.LogoutFilter@250f2f8f, com.example.devopsproj.config.JwtAuthenticationFilter@ec33a88, org.springframework.security.web.savedrequest.RequestCacheAwareFilter@3ccf412e, org.springframework.security.web.servletapi.SecurityContextHolderAwareRequestFilter@1c2d9ab0, org.springframework.security.web.authentication.AnonymousAuthenticationFilter@2a43cd9, org.springframework.security.web.session.SessionManagementFilter@8eb2aaf, org.springframework.security.web.access.ExceptionTranslationFilter@153a5d88, org.springframework.security.web.access.intercept.AuthorizationFilter@59e949c2]
2023-11-10T12:48:55.280+05:30  INFO 99673 --- [main] c.e.d.DevOpsProjApplicationTests         : Started DevOpsProjApplicationTests in 6.945 seconds (process running for 19.962)
2023-11-10T12:48:55.352+05:30  INFO 99673 --- [main] c.e.devopsproj.DevOpsProjApplication     : Starting DevOpsProjApplication using Java 17.0.8.1 with PID 99673 (started by nineleaps in /home/nineleaps/Desktop/sonar/DevOpsProj)
2023-11-10T12:48:55.352+05:30  INFO 99673 --- [main] c.e.devopsproj.DevOpsProjApplication     : No active profile set, falling back to 1 default profile: "default"
2023-11-10T12:48:55.600+05:30  INFO 99673 --- [main] .s.d.r.c.RepositoryConfigurationDelegate : Bootstrapping Spring Data JPA repositories in DEFAULT mode.
2023-11-10T12:48:55.633+05:30  INFO 99673 --- [main] .s.d.r.c.RepositoryConfigurationDelegate : Finished Spring Data repository scanning in 32 ms. Found 10 JPA repository interfaces.
2023-11-10T12:48:55.709+05:30  INFO 99673 --- [main] trationDelegate$BeanPostProcessorChecker : Bean 'org.springframework.ws.config.annotation.DelegatingWsConfiguration' of type [org.springframework.ws.config.annotation.DelegatingWsConfiguration$$SpringCGLIB$$0] is not eligible for getting processed by all BeanPostProcessors (for example: not eligible for auto-proxying)
2023-11-10T12:48:55.711+05:30  INFO 99673 --- [main] .w.s.a.s.AnnotationActionEndpointMapping : Supporting [WS-Addressing August 2004, WS-Addressing 1.0]
2023-11-10T12:48:55.899+05:30  INFO 99673 --- [main] o.s.b.w.embedded.tomcat.TomcatWebServer  : Tomcat initialized with port(s): 8080 (http)
2023-11-10T12:48:55.914+05:30  INFO 99673 --- [main] o.apache.catalina.core.StandardService   : Starting service [Tomcat]
2023-11-10T12:48:55.915+05:30  INFO 99673 --- [main] o.apache.catalina.core.StandardEngine    : Starting Servlet engine: [Apache Tomcat/10.1.7]
2023-11-10T12:48:56.044+05:30  INFO 99673 --- [main] o.a.c.c.C.[Tomcat].[localhost].[/]       : Initializing Spring embedded WebApplicationContext
2023-11-10T12:48:56.045+05:30  INFO 99673 --- [main] w.s.c.ServletWebServerApplicationContext : Root WebApplicationContext: initialization completed in 690 ms
2023-11-10T12:48:56.101+05:30  INFO 99673 --- [main] com.zaxxer.hikari.HikariDataSource       : HikariPool-2 - Starting...
2023-11-10T12:48:56.118+05:30  INFO 99673 --- [main] com.zaxxer.hikari.pool.HikariPool        : HikariPool-2 - Added connection com.mysql.cj.jdbc.ConnectionImpl@7e56a1ef
2023-11-10T12:48:56.118+05:30  INFO 99673 --- [main] com.zaxxer.hikari.HikariDataSource       : HikariPool-2 - Start completed.
2023-11-10T12:48:56.119+05:30  INFO 99673 --- [main] o.f.c.i.database.base.BaseDatabaseType   : Database: jdbc:mysql://localhost:3306/pam3 (MySQL 8.0)
2023-11-10T12:48:56.137+05:30  INFO 99673 --- [main] o.f.core.internal.command.DbValidate     : Successfully validated 2 migrations (execution time 00:00.007s)
2023-11-10T12:48:56.154+05:30  INFO 99673 --- [main] o.f.core.internal.command.DbMigrate      : Current version of schema `pam3`: 1
2023-11-10T12:48:56.155+05:30  INFO 99673 --- [main] o.f.core.internal.command.DbMigrate      : Schema `pam3` is up to date. No migration necessary.
2023-11-10T12:48:56.191+05:30  INFO 99673 --- [main] o.hibernate.jpa.internal.util.LogHelper  : HHH000204: Processing PersistenceUnitInfo [name: default]
2023-11-10T12:48:56.205+05:30  INFO 99673 --- [main] SQL dialect                              : HHH000400: Using dialect: org.hibernate.dialect.MySQLDialect
2023-11-10T12:48:56.549+05:30  INFO 99673 --- [main] o.h.e.t.j.p.i.JtaPlatformInitiator       : HHH000490: Using JtaPlatform implementation: [org.hibernate.engine.transaction.jta.platform.internal.NoJtaPlatform]
2023-11-10T12:48:56.549+05:30  INFO 99673 --- [main] j.LocalContainerEntityManagerFactoryBean : Initialized JPA EntityManagerFactory for persistence unit 'default'
2023-11-10T12:48:56.846+05:30  WARN 99673 --- [main] JpaBaseConfiguration$JpaWebConfiguration : spring.jpa.open-in-view is enabled by default. Therefore, database queries may be performed during view rendering. Explicitly configure spring.jpa.open-in-view to disable this warning
2023-11-10T12:48:56.938+05:30  INFO 99673 --- [main] o.s.s.web.DefaultSecurityFilterChain     : Will secure any request with [org.springframework.security.web.session.DisableEncodeUrlFilter@4d44a5ac, org.springframework.security.web.context.request.async.WebAsyncManagerIntegrationFilter@874864d, org.springframework.security.web.context.SecurityContextHolderFilter@6d8e93ee, org.springframework.security.web.header.HeaderWriterFilter@4cbbf6a0, org.springframework.security.web.authentication.logout.LogoutFilter@2a0def16, com.example.devopsproj.config.JwtAuthenticationFilter@472c033e, org.springframework.security.web.savedrequest.RequestCacheAwareFilter@2f7539be, org.springframework.security.web.servletapi.SecurityContextHolderAwareRequestFilter@3c68c406, org.springframework.security.web.authentication.AnonymousAuthenticationFilter@38aef6f8, org.springframework.security.web.session.SessionManagementFilter@8b0fa4a, org.springframework.security.web.access.ExceptionTranslationFilter@158af66f, org.springframework.security.web.access.intercept.AuthorizationFilter@56013254]
2023-11-10T12:48:57.058+05:30  INFO 99673 --- [main] o.s.b.w.embedded.tomcat.TomcatWebServer  : Tomcat started on port(s): 8080 (http) with context path ''
2023-11-10T12:48:57.062+05:30  INFO 99673 --- [main] c.e.devopsproj.DevOpsProjApplication     : Started DevOpsProjApplication in 1.734 seconds (process running for 21.744)
2023-11-10T12:49:00.002+05:30 ERROR 99673 --- [main] c.e.d.utils.GitHubUserValidation         : An error occurred: 

java.lang.InterruptedException: null
	at java.net.http/jdk.internal.net.http.HttpClientImpl.send(HttpClientImpl.java:550) ~[java.net.http:na]
	at java.net.http/jdk.internal.net.http.HttpClientFacade.send(HttpClientFacade.java:123) ~[java.net.http:na]
	at com.example.devopsproj.utils.GitHubUserValidation.isGitHubUserValid(GitHubUserValidation.java:28) ~[classes/:na]
	at com.example.devopsproj.utils.GitHubUserValidationTest.testInterruptedExceptionHandling(GitHubUserValidationTest.java:114) ~[test-classes/:na]
	at java.base/jdk.internal.reflect.NativeMethodAccessorImpl.invoke0(Native Method) ~[na:na]
	at java.base/jdk.internal.reflect.NativeMethodAccessorImpl.invoke(NativeMethodAccessorImpl.java:77) ~[na:na]
	at java.base/jdk.internal.reflect.DelegatingMethodAccessorImpl.invoke(DelegatingMethodAccessorImpl.java:43) ~[na:na]
	at java.base/java.lang.reflect.Method.invoke(Method.java:568) ~[na:na]
	at org.junit.platform.commons.util.ReflectionUtils.invokeMethod(ReflectionUtils.java:727) ~[junit-platform-commons-1.9.2.jar:1.9.2]
	at org.junit.jupiter.engine.execution.MethodInvocation.proceed(MethodInvocation.java:60) ~[junit-jupiter-engine-5.9.2.jar:5.9.2]
	at org.junit.jupiter.engine.execution.InvocationInterceptorChain$ValidatingInvocation.proceed(InvocationInterceptorChain.java:131) ~[junit-jupiter-engine-5.9.2.jar:5.9.2]
	at org.junit.jupiter.engine.extension.TimeoutExtension.intercept(TimeoutExtension.java:156) ~[junit-jupiter-engine-5.9.2.jar:5.9.2]
	at org.junit.jupiter.engine.extension.TimeoutExtension.interceptTestableMethod(TimeoutExtension.java:147) ~[junit-jupiter-engine-5.9.2.jar:5.9.2]
	at org.junit.jupiter.engine.extension.TimeoutExtension.interceptTestMethod(TimeoutExtension.java:86) ~[junit-jupiter-engine-5.9.2.jar:5.9.2]
	at org.junit.jupiter.engine.execution.InterceptingExecutableInvoker$ReflectiveInterceptorCall.lambda$ofVoidMethod$0(InterceptingExecutableInvoker.java:103) ~[junit-jupiter-engine-5.9.2.jar:5.9.2]
	at org.junit.jupiter.engine.execution.InterceptingExecutableInvoker.lambda$invoke$0(InterceptingExecutableInvoker.java:93) ~[junit-jupiter-engine-5.9.2.jar:5.9.2]
	at org.junit.jupiter.engine.execution.InvocationInterceptorChain$InterceptedInvocation.proceed(InvocationInterceptorChain.java:106) ~[junit-jupiter-engine-5.9.2.jar:5.9.2]
	at org.junit.jupiter.engine.execution.InvocationInterceptorChain.proceed(InvocationInterceptorChain.java:64) ~[junit-jupiter-engine-5.9.2.jar:5.9.2]
	at org.junit.jupiter.engine.execution.InvocationInterceptorChain.chainAndInvoke(InvocationInterceptorChain.java:45) ~[junit-jupiter-engine-5.9.2.jar:5.9.2]
	at org.junit.jupiter.engine.execution.InvocationInterceptorChain.invoke(InvocationInterceptorChain.java:37) ~[junit-jupiter-engine-5.9.2.jar:5.9.2]
	at org.junit.jupiter.engine.execution.InterceptingExecutableInvoker.invoke(InterceptingExecutableInvoker.java:92) ~[junit-jupiter-engine-5.9.2.jar:5.9.2]
	at org.junit.jupiter.engine.execution.InterceptingExecutableInvoker.invoke(InterceptingExecutableInvoker.java:86) ~[junit-jupiter-engine-5.9.2.jar:5.9.2]
	at org.junit.jupiter.engine.descriptor.TestMethodTestDescriptor.lambda$invokeTestMethod$7(TestMethodTestDescriptor.java:217) ~[junit-jupiter-engine-5.9.2.jar:5.9.2]
	at org.junit.platform.engine.support.hierarchical.ThrowableCollector.execute(ThrowableCollector.java:73) ~[junit-platform-engine-1.9.2.jar:1.9.2]
	at org.junit.jupiter.engine.descriptor.TestMethodTestDescriptor.invokeTestMethod(TestMethodTestDescriptor.java:213) ~[junit-jupiter-engine-5.9.2.jar:5.9.2]
	at org.junit.jupiter.engine.descriptor.TestMethodTestDescriptor.execute(TestMethodTestDescriptor.java:138) ~[junit-jupiter-engine-5.9.2.jar:5.9.2]
	at org.junit.jupiter.engine.descriptor.TestMethodTestDescriptor.execute(TestMethodTestDescriptor.java:68) ~[junit-jupiter-engine-5.9.2.jar:5.9.2]
	at org.junit.platform.engine.support.hierarchical.NodeTestTask.lambda$executeRecursively$6(NodeTestTask.java:151) ~[junit-platform-engine-1.9.2.jar:1.9.2]
	at org.junit.platform.engine.support.hierarchical.ThrowableCollector.execute(ThrowableCollector.java:73) ~[junit-platform-engine-1.9.2.jar:1.9.2]
	at org.junit.platform.engine.support.hierarchical.NodeTestTask.lambda$executeRecursively$8(NodeTestTask.java:141) ~[junit-platform-engine-1.9.2.jar:1.9.2]
	at org.junit.platform.engine.support.hierarchical.Node.around(Node.java:137) ~[junit-platform-engine-1.9.2.jar:1.9.2]
	at org.junit.platform.engine.support.hierarchical.NodeTestTask.lambda$executeRecursively$9(NodeTestTask.java:139) ~[junit-platform-engine-1.9.2.jar:1.9.2]
	at org.junit.platform.engine.support.hierarchical.ThrowableCollector.execute(ThrowableCollector.java:73) ~[junit-platform-engine-1.9.2.jar:1.9.2]
	at org.junit.platform.engine.support.hierarchical.NodeTestTask.executeRecursively(NodeTestTask.java:138) ~[junit-platform-engine-1.9.2.jar:1.9.2]
	at org.junit.platform.engine.support.hierarchical.NodeTestTask.execute(NodeTestTask.java:95) ~[junit-platform-engine-1.9.2.jar:1.9.2]
	at java.base/java.util.ArrayList.forEach(ArrayList.java:1511) ~[na:na]
	at org.junit.platform.engine.support.hierarchical.SameThreadHierarchicalTestExecutorService.invokeAll(SameThreadHierarchicalTestExecutorService.java:41) ~[junit-platform-engine-1.9.2.jar:1.9.2]
	at org.junit.platform.engine.support.hierarchical.NodeTestTask.lambda$executeRecursively$6(NodeTestTask.java:155) ~[junit-platform-engine-1.9.2.jar:1.9.2]
	at org.junit.platform.engine.support.hierarchical.ThrowableCollector.execute(ThrowableCollector.java:73) ~[junit-platform-engine-1.9.2.jar:1.9.2]
	at org.junit.platform.engine.support.hierarchical.NodeTestTask.lambda$executeRecursively$8(NodeTestTask.java:141) ~[junit-platform-engine-1.9.2.jar:1.9.2]
	at org.junit.platform.engine.support.hierarchical.Node.around(Node.java:137) ~[junit-platform-engine-1.9.2.jar:1.9.2]
	at org.junit.platform.engine.support.hierarchical.NodeTestTask.lambda$executeRecursively$9(NodeTestTask.java:139) ~[junit-platform-engine-1.9.2.jar:1.9.2]
	at org.junit.platform.engine.support.hierarchical.ThrowableCollector.execute(ThrowableCollector.java:73) ~[junit-platform-engine-1.9.2.jar:1.9.2]
	at org.junit.platform.engine.support.hierarchical.NodeTestTask.executeRecursively(NodeTestTask.java:138) ~[junit-platform-engine-1.9.2.jar:1.9.2]
	at org.junit.platform.engine.support.hierarchical.NodeTestTask.execute(NodeTestTask.java:95) ~[junit-platform-engine-1.9.2.jar:1.9.2]
	at java.base/java.util.ArrayList.forEach(ArrayList.java:1511) ~[na:na]
	at org.junit.platform.engine.support.hierarchical.SameThreadHierarchicalTestExecutorService.invokeAll(SameThreadHierarchicalTestExecutorService.java:41) ~[junit-platform-engine-1.9.2.jar:1.9.2]
	at org.junit.platform.engine.support.hierarchical.NodeTestTask.lambda$executeRecursively$6(NodeTestTask.java:155) ~[junit-platform-engine-1.9.2.jar:1.9.2]
	at org.junit.platform.engine.support.hierarchical.ThrowableCollector.execute(ThrowableCollector.java:73) ~[junit-platform-engine-1.9.2.jar:1.9.2]
	at org.junit.platform.engine.support.hierarchical.NodeTestTask.lambda$executeRecursively$8(NodeTestTask.java:141) ~[junit-platform-engine-1.9.2.jar:1.9.2]
	at org.junit.platform.engine.support.hierarchical.Node.around(Node.java:137) ~[junit-platform-engine-1.9.2.jar:1.9.2]
	at org.junit.platform.engine.support.hierarchical.NodeTestTask.lambda$executeRecursively$9(NodeTestTask.java:139) ~[junit-platform-engine-1.9.2.jar:1.9.2]
	at org.junit.platform.engine.support.hierarchical.ThrowableCollector.execute(ThrowableCollector.java:73) ~[junit-platform-engine-1.9.2.jar:1.9.2]
	at org.junit.platform.engine.support.hierarchical.NodeTestTask.executeRecursively(NodeTestTask.java:138) ~[junit-platform-engine-1.9.2.jar:1.9.2]
	at org.junit.platform.engine.support.hierarchical.NodeTestTask.execute(NodeTestTask.java:95) ~[junit-platform-engine-1.9.2.jar:1.9.2]
	at org.junit.platform.engine.support.hierarchical.SameThreadHierarchicalTestExecutorService.submit(SameThreadHierarchicalTestExecutorService.java:35) ~[junit-platform-engine-1.9.2.jar:1.9.2]
	at org.junit.platform.engine.support.hierarchical.HierarchicalTestExecutor.execute(HierarchicalTestExecutor.java:57) ~[junit-platform-engine-1.9.2.jar:1.9.2]
	at org.junit.platform.engine.support.hierarchical.HierarchicalTestEngine.execute(HierarchicalTestEngine.java:54) ~[junit-platform-engine-1.9.2.jar:1.9.2]
	at org.junit.platform.launcher.core.DefaultLauncher.execute(DefaultLauncher.java:220) ~[junit-platform-launcher-1.3.1.jar:1.3.1]
	at org.junit.platform.launcher.core.DefaultLauncher.lambda$execute$6(DefaultLauncher.java:188) ~[junit-platform-launcher-1.3.1.jar:1.3.1]
	at org.junit.platform.launcher.core.DefaultLauncher.withInterceptedStreams(DefaultLauncher.java:202) ~[junit-platform-launcher-1.3.1.jar:1.3.1]
	at org.junit.platform.launcher.core.DefaultLauncher.execute(DefaultLauncher.java:181) ~[junit-platform-launcher-1.3.1.jar:1.3.1]
	at org.junit.platform.launcher.core.DefaultLauncher.execute(DefaultLauncher.java:128) ~[junit-platform-launcher-1.3.1.jar:1.3.1]
	at org.apache.maven.surefire.junitplatform.JUnitPlatformProvider.invokeAllTests(JUnitPlatformProvider.java:150) ~[surefire-junit-platform-2.22.2.jar:2.22.2]
	at org.apache.maven.surefire.junitplatform.JUnitPlatformProvider.invoke(JUnitPlatformProvider.java:124) ~[surefire-junit-platform-2.22.2.jar:2.22.2]
	at org.apache.maven.surefire.booter.ForkedBooter.invokeProviderInSameClassLoader(ForkedBooter.java:384) ~[surefire-booter-2.22.2.jar:2.22.2]
	at org.apache.maven.surefire.booter.ForkedBooter.runSuitesInProcess(ForkedBooter.java:345) ~[surefire-booter-2.22.2.jar:2.22.2]
	at org.apache.maven.surefire.booter.ForkedBooter.execute(ForkedBooter.java:126) ~[surefire-booter-2.22.2.jar:2.22.2]
	at org.apache.maven.surefire.booter.ForkedBooter.main(ForkedBooter.java:418) ~[surefire-booter-2.22.2.jar:2.22.2]

2023-11-10T12:49:00.822+05:30  INFO 99673 --- [SpringApplicationShutdownHook] j.LocalContainerEntityManagerFactoryBean : Closing JPA EntityManagerFactory for persistence unit 'default'
2023-11-10T12:49:00.824+05:30  INFO 99673 --- [SpringApplicationShutdownHook] com.zaxxer.hikari.HikariDataSource       : HikariPool-1 - Shutdown initiated...
2023-11-10T12:49:00.828+05:30  INFO 99673 --- [SpringApplicationShutdownHook] com.zaxxer.hikari.HikariDataSource       : HikariPool-1 - Shutdown completed.
2023-11-10T12:49:00.840+05:30  INFO 99673 --- [SpringApplicationShutdownHook] j.LocalContainerEntityManagerFactoryBean : Closing JPA EntityManagerFactory for persistence unit 'default'
2023-11-10T12:49:00.841+05:30  INFO 99673 --- [SpringApplicationShutdownHook] com.zaxxer.hikari.HikariDataSource       : HikariPool-2 - Shutdown initiated...
2023-11-10T12:49:00.845+05:30  INFO 99673 --- [SpringApplicationShutdownHook] com.zaxxer.hikari.HikariDataSource       : HikariPool-2 - Shutdown completed.
