2023-11-14T12:41:03.675+05:30  INFO 32049 --- [main] c.e.devopsproj.DevOpsProjApplication     : Starting DevOpsProjApplication using Java 19.0.2 with PID 32049 (/home/nineleaps/Downloads/DevOpsProj-api1/target/classes started by nineleaps in /home/nineleaps/Downloads/DevOpsProj-api1)
2023-11-14T12:41:03.693+05:30  INFO 32049 --- [main] c.e.devopsproj.DevOpsProjApplication     : The following 1 profile is active: "dev"
2023-11-14T12:41:06.535+05:30  INFO 32049 --- [main] .s.d.r.c.RepositoryConfigurationDelegate : Bootstrapping Spring Data JPA repositories in DEFAULT mode.
2023-11-14T12:41:06.791+05:30  INFO 32049 --- [main] .s.d.r.c.RepositoryConfigurationDelegate : Finished Spring Data repository scanning in 243 ms. Found 10 JPA repository interfaces.
2023-11-14T12:41:07.476+05:30  INFO 32049 --- [main] trationDelegate$BeanPostProcessorChecker : Bean 'org.springframework.ws.config.annotation.DelegatingWsConfiguration' of type [org.springframework.ws.config.annotation.DelegatingWsConfiguration$$SpringCGLIB$$0] is not eligible for getting processed by all BeanPostProcessors (for example: not eligible for auto-proxying)
2023-11-14T12:41:07.540+05:30  INFO 32049 --- [main] .w.s.a.s.AnnotationActionEndpointMapping : Supporting [WS-Addressing August 2004, WS-Addressing 1.0]
2023-11-14T12:41:07.980+05:30  INFO 32049 --- [main] o.s.b.w.embedded.tomcat.TomcatWebServer  : Tomcat initialized with port(s): 8080 (http)
2023-11-14T12:41:08.019+05:30  INFO 32049 --- [main] o.apache.catalina.core.StandardService   : Starting service [Tomcat]
2023-11-14T12:41:08.020+05:30  INFO 32049 --- [main] o.apache.catalina.core.StandardEngine    : Starting Servlet engine: [Apache Tomcat/10.1.7]
2023-11-14T12:41:08.160+05:30  INFO 32049 --- [main] o.a.c.c.C.[Tomcat].[localhost].[/]       : Initializing Spring embedded WebApplicationContext
2023-11-14T12:41:08.161+05:30  INFO 32049 --- [main] w.s.c.ServletWebServerApplicationContext : Root WebApplicationContext: initialization completed in 4369 ms
2023-11-14T12:41:08.824+05:30  INFO 32049 --- [main] o.hibernate.jpa.internal.util.LogHelper  : HHH000204: Processing PersistenceUnitInfo [name: default]
2023-11-14T12:41:08.892+05:30  INFO 32049 --- [main] org.hibernate.Version                    : HHH000412: Hibernate ORM core version 6.1.7.Final
2023-11-14T12:41:09.295+05:30  INFO 32049 --- [main] com.zaxxer.hikari.HikariDataSource       : HikariPool-1 - Starting...
2023-11-14T12:41:09.727+05:30  INFO 32049 --- [main] com.zaxxer.hikari.pool.HikariPool        : HikariPool-1 - Added connection com.mysql.cj.jdbc.ConnectionImpl@23f8036d
2023-11-14T12:41:09.730+05:30  INFO 32049 --- [main] com.zaxxer.hikari.HikariDataSource       : HikariPool-1 - Start completed.
2023-11-14T12:41:09.783+05:30  INFO 32049 --- [main] SQL dialect                              : HHH000400: Using dialect: org.hibernate.dialect.MySQLDialect
2023-11-14T12:41:11.857+05:30  INFO 32049 --- [main] o.h.e.t.j.p.i.JtaPlatformInitiator       : HHH000490: Using JtaPlatform implementation: [org.hibernate.engine.transaction.jta.platform.internal.NoJtaPlatform]
2023-11-14T12:41:11.869+05:30  INFO 32049 --- [main] j.LocalContainerEntityManagerFactoryBean : Initialized JPA EntityManagerFactory for persistence unit 'default'
2023-11-14T12:41:14.107+05:30  WARN 32049 --- [main] JpaBaseConfiguration$JpaWebConfiguration : spring.jpa.open-in-view is enabled by default. Therefore, database queries may be performed during view rendering. Explicitly configure spring.jpa.open-in-view to disable this warning
2023-11-14T12:41:14.672+05:30  INFO 32049 --- [main] o.s.b.a.e.web.EndpointLinksResolver      : Exposing 1 endpoint(s) beneath base path '/actuator'
2023-11-14T12:41:14.725+05:30  INFO 32049 --- [main] o.s.s.web.DefaultSecurityFilterChain     : Will secure any request with [org.springframework.security.web.session.DisableEncodeUrlFilter@2ce987d7, org.springframework.security.web.context.request.async.WebAsyncManagerIntegrationFilter@16a4d5a9, org.springframework.security.web.context.SecurityContextHolderFilter@772a370d, org.springframework.security.web.header.HeaderWriterFilter@61906bb1, org.springframework.security.web.authentication.logout.LogoutFilter@699d04a9, com.example.devopsproj.config.JwtAuthenticationFilter@731819a0, org.springframework.security.web.savedrequest.RequestCacheAwareFilter@7e4f42c0, org.springframework.security.web.servletapi.SecurityContextHolderAwareRequestFilter@e8acdfc, org.springframework.security.web.authentication.AnonymousAuthenticationFilter@427b24c0, org.springframework.security.web.session.SessionManagementFilter@48dbf9d, org.springframework.security.web.access.ExceptionTranslationFilter@579e8a7, org.springframework.security.web.access.intercept.AuthorizationFilter@13b52853]
2023-11-14T12:41:15.559+05:30  INFO 32049 --- [main] o.s.b.w.embedded.tomcat.TomcatWebServer  : Tomcat started on port(s): 8080 (http) with context path ''
2023-11-14T12:41:15.586+05:30  INFO 32049 --- [main] c.e.devopsproj.DevOpsProjApplication     : Started DevOpsProjApplication in 12.862 seconds (process running for 13.591)
2023-11-14T12:41:44.419+05:30  INFO 32049 --- [SpringApplicationShutdownHook] j.LocalContainerEntityManagerFactoryBean : Closing JPA EntityManagerFactory for persistence unit 'default'
2023-11-14T12:41:44.426+05:30  INFO 32049 --- [SpringApplicationShutdownHook] com.zaxxer.hikari.HikariDataSource       : HikariPool-1 - Shutdown initiated...
2023-11-14T12:41:44.442+05:30  INFO 32049 --- [SpringApplicationShutdownHook] com.zaxxer.hikari.HikariDataSource       : HikariPool-1 - Shutdown completed.
2023-11-14T12:41:47.849+05:30  INFO 32166 --- [main] c.e.devopsproj.DevOpsProjApplication     : Starting DevOpsProjApplication using Java 19.0.2 with PID 32166 (/home/nineleaps/Downloads/DevOpsProj-api1/target/classes started by nineleaps in /home/nineleaps/Downloads/DevOpsProj-api1)
2023-11-14T12:41:47.853+05:30  INFO 32166 --- [main] c.e.devopsproj.DevOpsProjApplication     : The following 1 profile is active: "dev"
2023-11-14T12:41:50.966+05:30  INFO 32166 --- [main] .s.d.r.c.RepositoryConfigurationDelegate : Bootstrapping Spring Data JPA repositories in DEFAULT mode.
2023-11-14T12:41:51.352+05:30  INFO 32166 --- [main] .s.d.r.c.RepositoryConfigurationDelegate : Finished Spring Data repository scanning in 372 ms. Found 10 JPA repository interfaces.
2023-11-14T12:41:51.985+05:30  INFO 32166 --- [main] trationDelegate$BeanPostProcessorChecker : Bean 'org.springframework.ws.config.annotation.DelegatingWsConfiguration' of type [org.springframework.ws.config.annotation.DelegatingWsConfiguration$$SpringCGLIB$$0] is not eligible for getting processed by all BeanPostProcessors (for example: not eligible for auto-proxying)
2023-11-14T12:41:52.041+05:30  INFO 32166 --- [main] .w.s.a.s.AnnotationActionEndpointMapping : Supporting [WS-Addressing August 2004, WS-Addressing 1.0]
2023-11-14T12:41:52.633+05:30  INFO 32166 --- [main] o.s.b.w.embedded.tomcat.TomcatWebServer  : Tomcat initialized with port(s): 8080 (http)
2023-11-14T12:41:52.666+05:30  INFO 32166 --- [main] o.apache.catalina.core.StandardService   : Starting service [Tomcat]
2023-11-14T12:41:52.678+05:30  INFO 32166 --- [main] o.apache.catalina.core.StandardEngine    : Starting Servlet engine: [Apache Tomcat/10.1.7]
2023-11-14T12:41:52.814+05:30  INFO 32166 --- [main] o.a.c.c.C.[Tomcat].[localhost].[/]       : Initializing Spring embedded WebApplicationContext
2023-11-14T12:41:52.815+05:30  INFO 32166 --- [main] w.s.c.ServletWebServerApplicationContext : Root WebApplicationContext: initialization completed in 4798 ms
2023-11-14T12:41:53.243+05:30  INFO 32166 --- [main] o.hibernate.jpa.internal.util.LogHelper  : HHH000204: Processing PersistenceUnitInfo [name: default]
2023-11-14T12:41:53.309+05:30  INFO 32166 --- [main] org.hibernate.Version                    : HHH000412: Hibernate ORM core version 6.1.7.Final
2023-11-14T12:41:53.719+05:30  INFO 32166 --- [main] com.zaxxer.hikari.HikariDataSource       : HikariPool-1 - Starting...
2023-11-14T12:41:54.208+05:30  INFO 32166 --- [main] com.zaxxer.hikari.pool.HikariPool        : HikariPool-1 - Added connection com.mysql.cj.jdbc.ConnectionImpl@2820b369
2023-11-14T12:41:54.211+05:30  INFO 32166 --- [main] com.zaxxer.hikari.HikariDataSource       : HikariPool-1 - Start completed.
2023-11-14T12:41:54.261+05:30  INFO 32166 --- [main] SQL dialect                              : HHH000400: Using dialect: org.hibernate.dialect.MySQLDialect
2023-11-14T12:41:56.218+05:30  INFO 32166 --- [main] o.h.e.t.j.p.i.JtaPlatformInitiator       : HHH000490: Using JtaPlatform implementation: [org.hibernate.engine.transaction.jta.platform.internal.NoJtaPlatform]
2023-11-14T12:41:56.230+05:30  INFO 32166 --- [main] j.LocalContainerEntityManagerFactoryBean : Initialized JPA EntityManagerFactory for persistence unit 'default'
2023-11-14T12:41:58.930+05:30  WARN 32166 --- [main] JpaBaseConfiguration$JpaWebConfiguration : spring.jpa.open-in-view is enabled by default. Therefore, database queries may be performed during view rendering. Explicitly configure spring.jpa.open-in-view to disable this warning
2023-11-14T12:41:59.711+05:30  INFO 32166 --- [main] o.s.b.a.e.web.EndpointLinksResolver      : Exposing 1 endpoint(s) beneath base path '/actuator'
2023-11-14T12:41:59.776+05:30  INFO 32166 --- [main] o.s.s.web.DefaultSecurityFilterChain     : Will secure any request with [org.springframework.security.web.session.DisableEncodeUrlFilter@428b5b3f, org.springframework.security.web.context.request.async.WebAsyncManagerIntegrationFilter@687749d1, org.springframework.security.web.context.SecurityContextHolderFilter@6d0e242f, org.springframework.security.web.header.HeaderWriterFilter@7e4f42c0, org.springframework.security.web.authentication.logout.LogoutFilter@4d2d0eda, com.example.devopsproj.config.JwtAuthenticationFilter@49d4a2cf, org.springframework.security.web.savedrequest.RequestCacheAwareFilter@1f94df5, org.springframework.security.web.servletapi.SecurityContextHolderAwareRequestFilter@74947f2b, org.springframework.security.web.authentication.AnonymousAuthenticationFilter@19a5cfb8, org.springframework.security.web.session.SessionManagementFilter@362aa318, org.springframework.security.web.access.ExceptionTranslationFilter@772a370d, org.springframework.security.web.access.intercept.AuthorizationFilter@24f1d4f3]
2023-11-14T12:42:00.585+05:30  INFO 32166 --- [main] o.s.b.w.embedded.tomcat.TomcatWebServer  : Tomcat started on port(s): 8080 (http) with context path ''
2023-11-14T12:42:00.617+05:30  INFO 32166 --- [main] c.e.devopsproj.DevOpsProjApplication     : Started DevOpsProjApplication in 13.685 seconds (process running for 14.454)
2023-11-14T12:47:30.488+05:30  INFO 32166 --- [http-nio-8080-exec-1] o.a.c.c.C.[Tomcat].[localhost].[/]       : Initializing Spring DispatcherServlet 'dispatcherServlet'
2023-11-14T12:47:30.489+05:30  INFO 32166 --- [http-nio-8080-exec-1] o.s.web.servlet.DispatcherServlet        : Initializing Servlet 'dispatcherServlet'
2023-11-14T12:47:30.492+05:30  INFO 32166 --- [http-nio-8080-exec-1] o.s.web.servlet.DispatcherServlet        : Completed initialization in 3 ms
2023-11-14T12:47:30.765+05:30  INFO 32166 --- [http-nio-8080-exec-2] c.e.d.controller.AuthController          : Received a request to get email from verification token: dudekulahassain@gmail.com
2023-11-14T12:47:30.766+05:30  INFO 32166 --- [http-nio-8080-exec-2] c.e.d.s.implementations.UserServiceImpl  : Verifying login for user with email: dudekulahassain@gmail.com
2023-11-14T12:47:30.959+05:30  INFO 32166 --- [http-nio-8080-exec-2] c.e.d.s.implementations.JwtServiceImpl   : Generating token...
2023-11-14T12:47:31.045+05:30  INFO 32166 --- [http-nio-8080-exec-2] c.e.d.s.implementations.UserServiceImpl  : Login verification successful for user with email: dudekulahassain@gmail.com
2023-11-14T12:47:31.045+05:30  INFO 32166 --- [http-nio-8080-exec-2] c.e.d.controller.AuthController          : Email retrieved successfully for verification token: dudekulahassain@gmail.com
2023-11-14T12:47:31.045+05:30  INFO 32166 --- [http-nio-8080-exec-2] c.e.d.s.implementations.UserServiceImpl  : Verifying login for user with email: dudekulahassain@gmail.com
2023-11-14T12:47:31.057+05:30  INFO 32166 --- [http-nio-8080-exec-2] c.e.d.s.implementations.JwtServiceImpl   : Generating token...
2023-11-14T12:47:31.059+05:30  INFO 32166 --- [http-nio-8080-exec-2] c.e.d.s.implementations.UserServiceImpl  : Login verification successful for user with email: dudekulahassain@gmail.com
2023-11-14T12:47:32.554+05:30  INFO 32166 --- [http-nio-8080-exec-3] c.e.d.controller.UserController          : Received a request to get the count of users by role.
2023-11-14T12:47:32.554+05:30  INFO 32166 --- [http-nio-8080-exec-3] c.e.d.s.implementations.UserServiceImpl  : Retrieving the total count of users by role: PROJECT_MANAGER
2023-11-14T12:47:32.557+05:30  INFO 32166 --- [http-nio-8080-exec-4] c.e.d.controller.UserController          : Received a request to get the count of users by role.
2023-11-14T12:47:32.558+05:30  INFO 32166 --- [http-nio-8080-exec-4] c.e.d.s.implementations.UserServiceImpl  : Retrieving the total count of users by role: USER
2023-11-14T12:47:32.558+05:30  INFO 32166 --- [http-nio-8080-exec-9] c.e.d.controller.ProjectController       : Received a request to count all active projects
2023-11-14T12:47:32.558+05:30  INFO 32166 --- [http-nio-8080-exec-9] c.e.d.s.i.ProjectServiceImpl             : Getting count of all active projects
2023-11-14T12:47:32.558+05:30  INFO 32166 --- [http-nio-8080-exec-10] c.e.d.c.AccessRequestController          : Received a request to retrieve all active access requests.
2023-11-14T12:47:32.558+05:30  INFO 32166 --- [http-nio-8080-exec-10] c.e.d.s.i.AccessRequestServiceImpl       : Fetching all active access requests.
2023-11-14T12:47:32.557+05:30  INFO 32166 --- [http-nio-8080-exec-6] c.e.d.controller.ProjectController       : Received a request to count people by project name
2023-11-14T12:47:32.560+05:30  INFO 32166 --- [http-nio-8080-exec-6] c.e.d.s.i.ProjectServiceImpl             : Getting count of people and project names for all projects
2023-11-14T12:47:32.570+05:30  INFO 32166 --- [http-nio-8080-exec-10] c.e.d.s.i.AccessRequestServiceImpl       : Fetched 0 active access requests.
2023-11-14T12:47:32.574+05:30  INFO 32166 --- [http-nio-8080-exec-10] c.e.d.c.AccessRequestController          : No active access requests found.
2023-11-14T12:47:32.580+05:30  INFO 32166 --- [http-nio-8080-exec-9] c.e.d.controller.ProjectController       : Projects count retrieved successfully
2023-11-14T12:47:32.907+05:30  INFO 32166 --- [http-nio-8080-exec-6] c.e.d.controller.ProjectController       : People count by project name retrieved successfully
2023-11-14T12:47:32.940+05:30  INFO 32166 --- [http-nio-8080-exec-7] c.e.d.controller.ProjectController       : Received a request to count all active projects
2023-11-14T12:47:32.940+05:30  INFO 32166 --- [http-nio-8080-exec-7] c.e.d.s.i.ProjectServiceImpl             : Getting count of all active projects
2023-11-14T12:47:32.952+05:30  INFO 32166 --- [http-nio-8080-exec-1] c.e.d.controller.UserController          : Received a request to get the count of users by role.
2023-11-14T12:47:32.953+05:30  INFO 32166 --- [http-nio-8080-exec-1] c.e.d.s.implementations.UserServiceImpl  : Retrieving the total count of users by role: USER
2023-11-14T12:47:32.954+05:30  INFO 32166 --- [http-nio-8080-exec-8] c.e.d.controller.UserController          : Received a request to get the count of users by role.
2023-11-14T12:47:32.954+05:30  INFO 32166 --- [http-nio-8080-exec-8] c.e.d.s.implementations.UserServiceImpl  : Retrieving the total count of users by role: PROJECT_MANAGER
2023-11-14T12:47:32.970+05:30  INFO 32166 --- [http-nio-8080-exec-10] c.e.d.c.AccessRequestController          : Received a request to retrieve all active access requests.
2023-11-14T12:47:32.972+05:30  INFO 32166 --- [http-nio-8080-exec-10] c.e.d.s.i.AccessRequestServiceImpl       : Fetching all active access requests.
2023-11-14T12:47:32.973+05:30  INFO 32166 --- [http-nio-8080-exec-7] c.e.d.controller.ProjectController       : Projects count retrieved successfully
2023-11-14T12:47:32.977+05:30  INFO 32166 --- [http-nio-8080-exec-10] c.e.d.s.i.AccessRequestServiceImpl       : Fetched 0 active access requests.
2023-11-14T12:47:32.977+05:30  INFO 32166 --- [http-nio-8080-exec-10] c.e.d.c.AccessRequestController          : No active access requests found.
2023-11-14T12:47:33.014+05:30  INFO 32166 --- [http-nio-8080-exec-4] c.e.d.controller.ProjectController       : Received a request to count people by project name
2023-11-14T12:47:33.016+05:30  INFO 32166 --- [http-nio-8080-exec-4] c.e.d.s.i.ProjectServiceImpl             : Getting count of people and project names for all projects
2023-11-14T12:47:33.089+05:30  INFO 32166 --- [http-nio-8080-exec-5] c.e.d.c.AccessRequestController          : Received a request to retrieve all active access requests.
2023-11-14T12:47:33.090+05:30  INFO 32166 --- [http-nio-8080-exec-5] c.e.d.s.i.AccessRequestServiceImpl       : Fetching all active access requests.
2023-11-14T12:47:33.094+05:30  INFO 32166 --- [http-nio-8080-exec-5] c.e.d.s.i.AccessRequestServiceImpl       : Fetched 0 active access requests.
2023-11-14T12:47:33.094+05:30  INFO 32166 --- [http-nio-8080-exec-5] c.e.d.c.AccessRequestController          : No active access requests found.
2023-11-14T12:47:33.174+05:30  INFO 32166 --- [http-nio-8080-exec-2] c.e.d.c.AccessRequestController          : Received a request to retrieve all active access requests.
2023-11-14T12:47:33.175+05:30  INFO 32166 --- [http-nio-8080-exec-2] c.e.d.s.i.AccessRequestServiceImpl       : Fetching all active access requests.
2023-11-14T12:47:33.177+05:30  INFO 32166 --- [http-nio-8080-exec-2] c.e.d.s.i.AccessRequestServiceImpl       : Fetched 0 active access requests.
2023-11-14T12:47:33.177+05:30  INFO 32166 --- [http-nio-8080-exec-2] c.e.d.c.AccessRequestController          : No active access requests found.
2023-11-14T12:47:33.477+05:30  INFO 32166 --- [http-nio-8080-exec-4] c.e.d.controller.ProjectController       : People count by project name retrieved successfully
